Initialise random number generator with seed 2
Adding player Group 8.1 from class players.g8_player
Initializing player Group 8.1 took 0.000s
Adding player Group 8.2 from class players.g8_player
Initializing player Group 8.2 took 0.000s
Adding player Group 8.3 from class players.g8_player
Initializing player Group 8.3 took 0.000s
Adding player Group 8.4 from class players.g8_player
Initializing player Group 8.4 took 0.000s
Received Distance: 1.000, Angle: 0.785 from Group 8.1
Received Distance: 1.000, Angle: -1.571 from Group 8.2
Received Distance: 0.262, Angle: -2.790 from Group 8.3
Received Distance: 0.000, Angle: 0.000 from Group 8.4
Received Distance: 1.000, Angle: 0.785 from Group 8.1
Received Distance: 1.000, Angle: -1.571 from Group 8.2
Received Distance: 0.092, Angle: -2.453 from Group 8.3
Received Distance: 0.000, Angle: 0.000 from Group 8.4
Received Distance: 1.000, Angle: 0.785 from Group 8.1
Received Distance: 1.000, Angle: -1.571 from Group 8.2
Received Distance: 0.188, Angle: -2.944 from Group 8.3
Received Distance: 0.000, Angle: 0.000 from Group 8.4
Received Distance: 1.000, Angle: 0.785 from Group 8.1
Received Distance: 1.000, Angle: -1.571 from Group 8.2
Received Distance: 0.657, Angle: -1.832 from Group 8.3
Received Distance: 0.000, Angle: 0.000 from Group 8.4
Received Distance: 1.000, Angle: 0.785 from Group 8.1
Received Distance: 1.000, Angle: -1.571 from Group 8.2
Received Distance: 0.433, Angle: -2.134 from Group 8.3
Received Distance: 0.000, Angle: 0.000 from Group 8.4
Received Distance: 1.000, Angle: 0.785 from Group 8.1
Received Distance: 1.000, Angle: 0.785 from Group 8.1
Received Distance: 1.000, Angle: -1.571 from Group 8.2
Received Distance: 1.000, Angle: -1.571 from Group 8.2
Received Distance: 0.633, Angle: -2.186 from Group 8.3
Received Distance: 0.392, Angle: -2.645 from Group 8.3
Received Distance: 0.000, Angle: 0.000 from Group 8.4
Received Distance: 0.000, Angle: 0.000 from Group 8.4
Received Distance: 1.000, Angle: 0.785 from Group 8.1
Received Distance: 1.000, Angle: 0.785 from Group 8.1
Received Distance: 1.000, Angle: -1.571 from Group 8.2
Received Distance: 1.000, Angle: -1.571 from Group 8.2
Received Distance: 0.511, Angle: -2.287 from Group 8.3
Received Distance: 0.318, Angle: -2.042 from Group 8.3
Received Distance: 0.000, Angle: 0.000 from Group 8.4
Received Distance: 0.000, Angle: 0.000 from Group 8.4
Received Distance: 1.000, Angle: 0.785 from Group 8.1
Received Distance: 1.000, Angle: 0.785 from Group 8.1
Received Distance: 1.000, Angle: -1.571 from Group 8.2
Received Distance: 1.000, Angle: -1.571 from Group 8.2
Received Distance: 0.694, Angle: -2.344 from Group 8.3
Received Distance: 0.202, Angle: -2.226 from Group 8.3
Received Distance: 0.000, Angle: 0.000 from Group 8.4
Received Distance: 0.000, Angle: 0.000 from Group 8.4
Received Distance: 1.000, Angle: 0.785 from Group 8.1
Received Distance: 1.000, Angle: 0.785 from Group 8.1
Received Distance: 1.000, Angle: -1.571 from Group 8.2
Received Distance: 1.000, Angle: -1.571 from Group 8.2
Received Distance: 0.849, Angle: -2.134 from Group 8.3
Received Distance: 0.517, Angle: -2.539 from Group 8.3
Received Distance: 0.000, Angle: 0.000 from Group 8.4
Received Distance: 0.000, Angle: 0.000 from Group 8.4
Received Distance: 1.000, Angle: 0.785 from Group 8.1
Received Distance: 1.000, Angle: 0.785 from Group 8.1
Received Distance: 1.000, Angle: -1.571 from Group 8.2
Received Distance: 1.000, Angle: -1.571 from Group 8.2
Received Distance: 0.438, Angle: -2.173 from Group 8.3
Received Distance: 0.829, Angle: -2.518 from Group 8.3
Received Distance: 0.000, Angle: 0.000 from Group 8.4
Received Distance: 0.000, Angle: 0.000 from Group 8.4
Received Distance: 1.000, Angle: 0.785 from Group 8.1
Received Distance: 1.000, Angle: 0.785 from Group 8.1
Received Distance: 1.000, Angle: 0.785 from Group 8.1
Received Distance: 1.000, Angle: -1.571 from Group 8.2
Received Distance: 1.000, Angle: -1.571 from Group 8.2
Received Distance: 1.000, Angle: -1.571 from Group 8.2
Received Distance: 0.339, Angle: -1.963 from Group 8.3
Received Distance: 0.101, Angle: -3.087 from Group 8.3
Received Distance: 0.456, Angle: -2.320 from Group 8.3
Received Distance: 0.000, Angle: 0.000 from Group 8.4
Received Distance: 0.000, Angle: 0.000 from Group 8.4
Received Distance: 0.000, Angle: 0.000 from Group 8.4
Received Distance: 1.000, Angle: 0.785 from Group 8.1
Received Distance: 1.000, Angle: 0.785 from Group 8.1
Received Distance: 1.000, Angle: 0.785 from Group 8.1
Received Distance: 1.000, Angle: -1.571 from Group 8.2
Received Distance: 1.000, Angle: -1.571 from Group 8.2
Received Distance: 1.000, Angle: -1.571 from Group 8.2
Received Distance: 0.385, Angle: -2.117 from Group 8.3
Received Distance: 0.766, Angle: -2.020 from Group 8.3
Received Distance: 0.172, Angle: -2.850 from Group 8.3
Received Distance: 0.000, Angle: 0.000 from Group 8.4
Received Distance: 0.000, Angle: 0.000 from Group 8.4
Received Distance: 0.000, Angle: 0.000 from Group 8.4
Received Distance: 1.000, Angle: 0.785 from Group 8.1
Received Distance: 1.000, Angle: 0.785 from Group 8.1
Received Distance: 1.000, Angle: 0.785 from Group 8.1
Received Distance: 1.000, Angle: -1.571 from Group 8.2
Received Distance: 1.000, Angle: -1.571 from Group 8.2
Received Distance: 1.000, Angle: -1.571 from Group 8.2
Received Distance: 0.113, Angle: -3.118 from Group 8.3
Received Distance: 0.099, Angle: -2.397 from Group 8.3
Received Distance: 0.620, Angle: -2.648 from Group 8.3
Received Distance: 0.000, Angle: 0.000 from Group 8.4
Received Distance: 0.000, Angle: 0.000 from Group 8.4
Received Distance: 0.000, Angle: 0.000 from Group 8.4
Received Distance: 1.000, Angle: 0.785 from Group 8.1
Received Distance: 1.000, Angle: 0.785 from Group 8.1
Received Distance: 1.000, Angle: 0.785 from Group 8.1
Received Distance: 1.000, Angle: -1.571 from Group 8.2
Received Distance: 1.000, Angle: -1.571 from Group 8.2
Received Distance: 1.000, Angle: -1.571 from Group 8.2
Received Distance: 0.750, Angle: -2.392 from Group 8.3
Received Distance: 0.507, Angle: -1.802 from Group 8.3
Received Distance: 0.689, Angle: -1.646 from Group 8.3
Received Distance: 0.000, Angle: 0.000 from Group 8.4
Received Distance: 0.000, Angle: 0.000 from Group 8.4
Received Distance: 0.000, Angle: 0.000 from Group 8.4
Received Distance: 1.000, Angle: 0.785 from Group 8.1
Received Distance: 1.000, Angle: 0.785 from Group 8.1
Received Distance: 1.000, Angle: 0.785 from Group 8.1
Received Distance: 1.000, Angle: -1.571 from Group 8.2
Received Distance: 1.000, Angle: -1.571 from Group 8.2
Received Distance: 1.000, Angle: -1.571 from Group 8.2
Received Distance: 0.296, Angle: -2.273 from Group 8.3
Received Distance: 0.013, Angle: -1.604 from Group 8.3
Received Distance: 0.827, Angle: -2.051 from Group 8.3
Received Distance: 0.000, Angle: 0.000 from Group 8.4
Received Distance: 0.000, Angle: 0.000 from Group 8.4
Received Distance: 0.000, Angle: 0.000 from Group 8.4
Received Distance: 1.000, Angle: 0.785 from Group 8.1
Received Distance: 1.000, Angle: 0.785 from Group 8.1
Received Distance: 1.000, Angle: 0.785 from Group 8.1
Received Distance: 1.000, Angle: 0.785 from Group 8.1
Received Distance: 1.000, Angle: -1.571 from Group 8.2
Received Distance: 1.000, Angle: -1.571 from Group 8.2
Received Distance: 1.000, Angle: -1.571 from Group 8.2
Received Distance: 1.000, Angle: -1.571 from Group 8.2
Received Distance: 0.982, Angle: -2.191 from Group 8.3
Received Distance: 0.049, Angle: -2.325 from Group 8.3
Received Distance: 0.523, Angle: -3.096 from Group 8.3
Received Distance: 0.210, Angle: -2.172 from Group 8.3
Received Distance: 0.000, Angle: 0.000 from Group 8.4
Received Distance: 0.000, Angle: 0.000 from Group 8.4
Received Distance: 0.000, Angle: 0.000 from Group 8.4
Received Distance: 0.000, Angle: 0.000 from Group 8.4
Received Distance: 1.000, Angle: 0.785 from Group 8.1
Received Distance: 1.000, Angle: 0.785 from Group 8.1
Received Distance: 1.000, Angle: 0.785 from Group 8.1
Received Distance: 1.000, Angle: 0.785 from Group 8.1
Received Distance: 1.000, Angle: -1.571 from Group 8.2
Received Distance: 1.000, Angle: -1.571 from Group 8.2
Received Distance: 1.000, Angle: -1.571 from Group 8.2
Received Distance: 1.000, Angle: -1.571 from Group 8.2
Received Distance: 0.613, Angle: -2.838 from Group 8.3
Received Distance: 0.962, Angle: -2.865 from Group 8.3
Received Distance: 0.563, Angle: -1.654 from Group 8.3
Received Distance: 0.185, Angle: -2.542 from Group 8.3
Received Distance: 0.000, Angle: 0.000 from Group 8.4
Received Distance: 0.000, Angle: 0.000 from Group 8.4
Received Distance: 0.000, Angle: 0.000 from Group 8.4
Received Distance: 0.000, Angle: 0.000 from Group 8.4
Received Distance: 1.000, Angle: 0.785 from Group 8.1
Received Distance: 1.000, Angle: 0.785 from Group 8.1
Received Distance: 1.000, Angle: 0.785 from Group 8.1
Received Distance: 1.000, Angle: 0.785 from Group 8.1
Received Distance: 1.000, Angle: -1.571 from Group 8.2
Received Distance: 1.000, Angle: -1.571 from Group 8.2
Received Distance: 1.000, Angle: -1.571 from Group 8.2
Received Distance: 1.000, Angle: -1.571 from Group 8.2
Received Distance: 0.903, Angle: -2.312 from Group 8.3
Received Distance: 0.053, Angle: -2.133 from Group 8.3
Received Distance: 0.086, Angle: -2.752 from Group 8.3
Received Distance: 0.386, Angle: -2.635 from Group 8.3
Received Distance: 0.000, Angle: 0.000 from Group 8.4
Received Distance: 0.000, Angle: 0.000 from Group 8.4
Received Distance: 0.000, Angle: 0.000 from Group 8.4
Received Distance: 0.000, Angle: 0.000 from Group 8.4
Received Distance: 1.000, Angle: 0.785 from Group 8.1
Received Distance: 1.000, Angle: 0.785 from Group 8.1
Received Distance: 1.000, Angle: 0.785 from Group 8.1
Received Distance: 1.000, Angle: 0.785 from Group 8.1
Received Distance: 1.000, Angle: -1.571 from Group 8.2
Received Distance: 1.000, Angle: -1.571 from Group 8.2
Received Distance: 1.000, Angle: -1.571 from Group 8.2
Received Distance: 1.000, Angle: -1.571 from Group 8.2
Received Distance: 0.824, Angle: -2.538 from Group 8.3
Received Distance: 0.406, Angle: -2.127 from Group 8.3
Received Distance: 0.968, Angle: -3.092 from Group 8.3
Received Distance: 0.559, Angle: -1.834 from Group 8.3
Received Distance: 0.000, Angle: 0.000 from Group 8.4
Received Distance: 0.000, Angle: 0.000 from Group 8.4
Received Distance: 0.000, Angle: 0.000 from Group 8.4
Received Distance: 0.000, Angle: 0.000 from Group 8.4
Received Distance: 1.000, Angle: 0.785 from Group 8.1
Received Distance: 1.000, Angle: 0.785 from Group 8.1
Received Distance: 1.000, Angle: 0.785 from Group 8.1
Received Distance: 1.000, Angle: 0.785 from Group 8.1
Received Distance: 1.000, Angle: -1.571 from Group 8.2
Received Distance: 1.000, Angle: -1.571 from Group 8.2
Received Distance: 1.000, Angle: -1.571 from Group 8.2
Received Distance: 1.000, Angle: -1.571 from Group 8.2
Received Distance: 0.549, Angle: -1.920 from Group 8.3
Received Distance: 0.003, Angle: -2.208 from Group 8.3
Received Distance: 0.205, Angle: -2.636 from Group 8.3
Received Distance: 0.818, Angle: -3.021 from Group 8.3
Received Distance: 0.000, Angle: 0.000 from Group 8.4
Received Distance: 0.000, Angle: 0.000 from Group 8.4
Received Distance: 0.000, Angle: 0.000 from Group 8.4
Received Distance: 0.000, Angle: 0.000 from Group 8.4
Received Distance: 1.000, Angle: 0.785 from Group 8.1
Received Distance: 1.000, Angle: 0.785 from Group 8.1
Received Distance: 1.000, Angle: 0.785 from Group 8.1
Received Distance: 1.000, Angle: 0.785 from Group 8.1
Received Distance: 1.000, Angle: 0.785 from Group 8.1
Received Distance: 1.000, Angle: -1.571 from Group 8.2
Received Distance: 1.000, Angle: -1.571 from Group 8.2
Received Distance: 1.000, Angle: -1.571 from Group 8.2
Received Distance: 1.000, Angle: -1.571 from Group 8.2
Received Distance: 1.000, Angle: -1.571 from Group 8.2
Received Distance: 0.944, Angle: -2.777 from Group 8.3
Received Distance: 0.360, Angle: -1.695 from Group 8.3
Received Distance: 0.470, Angle: -2.387 from Group 8.3
Received Distance: 0.693, Angle: -1.835 from Group 8.3
Received Distance: 0.153, Angle: -2.540 from Group 8.3
Received Distance: 0.000, Angle: 0.000 from Group 8.4
Received Distance: 0.000, Angle: 0.000 from Group 8.4
Received Distance: 0.000, Angle: 0.000 from Group 8.4
Received Distance: 0.000, Angle: 0.000 from Group 8.4
Received Distance: 0.000, Angle: 0.000 from Group 8.4
Received Distance: 1.000, Angle: 0.785 from Group 8.1
Received Distance: 1.000, Angle: 0.785 from Group 8.1
Received Distance: 1.000, Angle: 0.785 from Group 8.1
Received Distance: 1.000, Angle: 0.785 from Group 8.1
Received Distance: 1.000, Angle: 0.785 from Group 8.1
Received Distance: 1.000, Angle: -1.571 from Group 8.2
Received Distance: 1.000, Angle: -1.571 from Group 8.2
Received Distance: 1.000, Angle: -1.571 from Group 8.2
Received Distance: 1.000, Angle: -1.571 from Group 8.2
Received Distance: 1.000, Angle: -1.571 from Group 8.2
Received Distance: 0.961, Angle: -2.375 from Group 8.3
Received Distance: 0.973, Angle: -2.340 from Group 8.3
Received Distance: 0.423, Angle: -2.716 from Group 8.3
Received Distance: 0.952, Angle: -2.853 from Group 8.3
Received Distance: 0.678, Angle: -2.647 from Group 8.3
Received Distance: 0.000, Angle: 0.000 from Group 8.4
Received Distance: 0.000, Angle: 0.000 from Group 8.4
Received Distance: 0.000, Angle: 0.000 from Group 8.4
Received Distance: 0.000, Angle: 0.000 from Group 8.4
Received Distance: 0.000, Angle: 0.000 from Group 8.4
Received Distance: 1.000, Angle: 0.785 from Group 8.1
Received Distance: 1.000, Angle: 0.785 from Group 8.1
Received Distance: 1.000, Angle: 0.785 from Group 8.1
Received Distance: 1.000, Angle: 0.785 from Group 8.1
Received Distance: 1.000, Angle: 0.785 from Group 8.1
Received Distance: 1.000, Angle: -1.571 from Group 8.2
Received Distance: 1.000, Angle: -1.571 from Group 8.2
Received Distance: 1.000, Angle: -1.571 from Group 8.2
Received Distance: 1.000, Angle: -1.571 from Group 8.2
Received Distance: 1.000, Angle: -1.571 from Group 8.2
Received Distance: 0.737, Angle: -1.697 from Group 8.3
Received Distance: 0.196, Angle: -3.063 from Group 8.3
Received Distance: 0.963, Angle: -3.124 from Group 8.3
Received Distance: 0.728, Angle: -1.860 from Group 8.3
Received Distance: 0.715, Angle: -1.881 from Group 8.3
Received Distance: 0.000, Angle: 0.000 from Group 8.4
Received Distance: 0.000, Angle: 0.000 from Group 8.4
Received Distance: 0.000, Angle: 0.000 from Group 8.4
Received Distance: 0.000, Angle: 0.000 from Group 8.4
Received Distance: 0.000, Angle: 0.000 from Group 8.4
Received Distance: 1.000, Angle: 0.785 from Group 8.1
Received Distance: 1.000, Angle: 0.785 from Group 8.1
Received Distance: 1.000, Angle: 0.785 from Group 8.1
Received Distance: 1.000, Angle: 0.785 from Group 8.1
Received Distance: 1.000, Angle: 0.785 from Group 8.1
Received Distance: 1.000, Angle: -1.571 from Group 8.2
Received Distance: 1.000, Angle: -1.571 from Group 8.2
Received Distance: 1.000, Angle: -1.571 from Group 8.2
Received Distance: 1.000, Angle: -1.571 from Group 8.2
Received Distance: 1.000, Angle: -1.571 from Group 8.2
Received Distance: 0.745, Angle: -3.081 from Group 8.3
Received Distance: 0.283, Angle: -2.641 from Group 8.3
Received Distance: 0.243, Angle: -2.219 from Group 8.3
Received Distance: 0.190, Angle: -1.937 from Group 8.3
Received Distance: 0.799, Angle: -2.002 from Group 8.3
Received Distance: 0.000, Angle: 0.000 from Group 8.4
Received Distance: 0.000, Angle: 0.000 from Group 8.4
Received Distance: 0.000, Angle: 0.000 from Group 8.4
Received Distance: 0.000, Angle: 0.000 from Group 8.4
Received Distance: 0.000, Angle: 0.000 from Group 8.4
Received Distance: 1.000, Angle: 0.785 from Group 8.1
Received Distance: 1.000, Angle: 0.785 from Group 8.1
Received Distance: 1.000, Angle: 0.785 from Group 8.1
Received Distance: 1.000, Angle: 0.785 from Group 8.1
Received Distance: 1.000, Angle: 0.785 from Group 8.1
Received Distance: 1.000, Angle: -1.571 from Group 8.2
Received Distance: 1.000, Angle: -1.571 from Group 8.2
Received Distance: 1.000, Angle: -1.571 from Group 8.2
Received Distance: 1.000, Angle: -1.571 from Group 8.2
Received Distance: 1.000, Angle: -1.571 from Group 8.2
Received Distance: 0.973, Angle: -2.667 from Group 8.3
Received Distance: 0.733, Angle: -1.615 from Group 8.3
Received Distance: 0.893, Angle: -1.747 from Group 8.3
Received Distance: 0.154, Angle: -2.515 from Group 8.3
Received Distance: 0.989, Angle: -2.369 from Group 8.3
Received Distance: 0.000, Angle: 0.000 from Group 8.4
Received Distance: 0.000, Angle: 0.000 from Group 8.4
Received Distance: 0.000, Angle: 0.000 from Group 8.4
Received Distance: 0.000, Angle: 0.000 from Group 8.4
Received Distance: 0.000, Angle: 0.000 from Group 8.4
Received Distance: 1.000, Angle: 0.785 from Group 8.1
Received Distance: 1.000, Angle: 0.785 from Group 8.1
Received Distance: 1.000, Angle: 0.785 from Group 8.1
Received Distance: 1.000, Angle: 0.785 from Group 8.1
Received Distance: 1.000, Angle: 0.785 from Group 8.1
Received Distance: 1.000, Angle: 0.785 from Group 8.1
Received Distance: 1.000, Angle: -1.571 from Group 8.2
Received Distance: 1.000, Angle: -1.571 from Group 8.2
Received Distance: 1.000, Angle: -1.571 from Group 8.2
Received Distance: 1.000, Angle: -1.571 from Group 8.2
Received Distance: 1.000, Angle: -1.571 from Group 8.2
Received Distance: 1.000, Angle: -1.571 from Group 8.2
Received Distance: 0.246, Angle: -2.200 from Group 8.3
Received Distance: 0.231, Angle: -2.772 from Group 8.3
Received Distance: 0.358, Angle: -2.613 from Group 8.3
Received Distance: 0.045, Angle: -2.240 from Group 8.3
Received Distance: 0.244, Angle: -2.249 from Group 8.3
Received Distance: 0.659, Angle: -1.933 from Group 8.3
Received Distance: 0.000, Angle: 0.000 from Group 8.4
Received Distance: 0.000, Angle: 0.000 from Group 8.4
Received Distance: 0.000, Angle: 0.000 from Group 8.4
Received Distance: 0.000, Angle: 0.000 from Group 8.4
Received Distance: 0.000, Angle: 0.000 from Group 8.4
Received Distance: 0.000, Angle: 0.000 from Group 8.4
Received Distance: 1.000, Angle: 0.785 from Group 8.1
Received Distance: 1.000, Angle: 0.785 from Group 8.1
Received Distance: 1.000, Angle: 0.785 from Group 8.1
Received Distance: 1.000, Angle: 0.785 from Group 8.1
Received Distance: 1.000, Angle: 0.785 from Group 8.1
Received Distance: 1.000, Angle: 0.785 from Group 8.1
Received Distance: 1.000, Angle: -1.571 from Group 8.2
Received Distance: 1.000, Angle: -1.571 from Group 8.2
Received Distance: 1.000, Angle: -1.571 from Group 8.2
Received Distance: 1.000, Angle: -1.571 from Group 8.2
Received Distance: 1.000, Angle: -1.571 from Group 8.2
Received Distance: 1.000, Angle: -1.571 from Group 8.2
Received Distance: 0.645, Angle: -2.913 from Group 8.3
Received Distance: 0.618, Angle: -2.588 from Group 8.3
Received Distance: 0.159, Angle: -2.613 from Group 8.3
Received Distance: 0.823, Angle: -2.116 from Group 8.3
Received Distance: 0.419, Angle: -2.792 from Group 8.3
Received Distance: 0.059, Angle: -2.412 from Group 8.3
Received Distance: 0.000, Angle: 0.000 from Group 8.4
Received Distance: 0.000, Angle: 0.000 from Group 8.4
Received Distance: 0.000, Angle: 0.000 from Group 8.4
Received Distance: 0.000, Angle: 0.000 from Group 8.4
Received Distance: 0.000, Angle: 0.000 from Group 8.4
Received Distance: 0.000, Angle: 0.000 from Group 8.4
Received Distance: 1.000, Angle: 0.785 from Group 8.1
Received Distance: 1.000, Angle: 0.785 from Group 8.1
Received Distance: 1.000, Angle: 0.785 from Group 8.1
Received Distance: 1.000, Angle: 0.785 from Group 8.1
Received Distance: 1.000, Angle: 0.785 from Group 8.1
Received Distance: 1.000, Angle: 0.785 from Group 8.1
Received Distance: 1.000, Angle: -1.571 from Group 8.2
Received Distance: 1.000, Angle: -1.571 from Group 8.2
Received Distance: 1.000, Angle: -1.571 from Group 8.2
Received Distance: 1.000, Angle: -1.571 from Group 8.2
Received Distance: 1.000, Angle: -1.571 from Group 8.2
Received Distance: 1.000, Angle: -1.571 from Group 8.2
Received Distance: 0.182, Angle: -1.810 from Group 8.3
Received Distance: 0.300, Angle: -3.067 from Group 8.3
Received Distance: 0.364, Angle: -1.891 from Group 8.3
Received Distance: 0.022, Angle: -2.749 from Group 8.3
Received Distance: 0.837, Angle: -2.751 from Group 8.3
Received Distance: 0.050, Angle: -2.029 from Group 8.3
Received Distance: 0.000, Angle: 0.000 from Group 8.4
Received Distance: 0.000, Angle: 0.000 from Group 8.4
Received Distance: 0.000, Angle: 0.000 from Group 8.4
Received Distance: 0.000, Angle: 0.000 from Group 8.4
Received Distance: 0.000, Angle: 0.000 from Group 8.4
Received Distance: 0.000, Angle: 0.000 from Group 8.4
Received Distance: 1.000, Angle: 0.785 from Group 8.1
Received Distance: 1.000, Angle: 0.785 from Group 8.1
Received Distance: 1.000, Angle: 0.785 from Group 8.1
Received Distance: 1.000, Angle: 0.785 from Group 8.1
Received Distance: 1.000, Angle: 0.785 from Group 8.1
Received Distance: 1.000, Angle: 0.785 from Group 8.1
Received Distance: 1.000, Angle: -1.571 from Group 8.2
Received Distance: 1.000, Angle: -1.571 from Group 8.2
Received Distance: 1.000, Angle: -1.571 from Group 8.2
Received Distance: 1.000, Angle: -1.571 from Group 8.2
Received Distance: 1.000, Angle: -1.571 from Group 8.2
Received Distance: 1.000, Angle: -1.571 from Group 8.2
Received Distance: 0.439, Angle: -2.898 from Group 8.3
Received Distance: 0.302, Angle: -1.686 from Group 8.3
Received Distance: 0.430, Angle: -2.583 from Group 8.3
Received Distance: 0.345, Angle: -1.713 from Group 8.3
Received Distance: 0.311, Angle: -1.716 from Group 8.3
Received Distance: 0.463, Angle: -2.181 from Group 8.3
Received Distance: 0.000, Angle: 0.000 from Group 8.4
Received Distance: 0.000, Angle: 0.000 from Group 8.4
Received Distance: 0.000, Angle: 0.000 from Group 8.4
Received Distance: 0.000, Angle: 0.000 from Group 8.4
Received Distance: 0.000, Angle: 0.000 from Group 8.4
Received Distance: 0.000, Angle: 0.000 from Group 8.4
Received Distance: 1.000, Angle: 0.785 from Group 8.1
Received Distance: 1.000, Angle: 0.785 from Group 8.1
Received Distance: 1.000, Angle: 0.785 from Group 8.1
Received Distance: 1.000, Angle: 0.785 from Group 8.1
Received Distance: 1.000, Angle: 0.785 from Group 8.1
Received Distance: 1.000, Angle: 0.785 from Group 8.1
Received Distance: 1.000, Angle: -1.571 from Group 8.2
Received Distance: 1.000, Angle: -1.571 from Group 8.2
Received Distance: 1.000, Angle: -1.571 from Group 8.2
Received Distance: 1.000, Angle: -1.571 from Group 8.2
Received Distance: 1.000, Angle: -1.571 from Group 8.2
Received Distance: 1.000, Angle: -1.571 from Group 8.2
Received Distance: 0.121, Angle: -2.272 from Group 8.3
Received Distance: 0.379, Angle: -2.648 from Group 8.3
Received Distance: 0.604, Angle: -2.358 from Group 8.3
Received Distance: 0.482, Angle: -2.261 from Group 8.3
Received Distance: 0.310, Angle: -2.580 from Group 8.3
Received Distance: 0.553, Angle: -2.227 from Group 8.3
Received Distance: 0.000, Angle: 0.000 from Group 8.4
Received Distance: 0.000, Angle: 0.000 from Group 8.4
Received Distance: 0.000, Angle: 0.000 from Group 8.4
Received Distance: 0.000, Angle: 0.000 from Group 8.4
Received Distance: 0.000, Angle: 0.000 from Group 8.4
Received Distance: 0.000, Angle: 0.000 from Group 8.4
Received Distance: 1.000, Angle: 0.785 from Group 8.1
Received Distance: 1.000, Angle: 0.785 from Group 8.1
Received Distance: 1.000, Angle: 0.785 from Group 8.1
Received Distance: 1.000, Angle: 0.785 from Group 8.1
Received Distance: 1.000, Angle: 0.785 from Group 8.1
Received Distance: 1.000, Angle: 0.785 from Group 8.1
Received Distance: 1.000, Angle: 0.785 from Group 8.1
Received Distance: 1.000, Angle: -1.571 from Group 8.2
Received Distance: 1.000, Angle: -1.571 from Group 8.2
Received Distance: 1.000, Angle: -1.571 from Group 8.2
Received Distance: 1.000, Angle: -1.571 from Group 8.2
Received Distance: 1.000, Angle: -1.571 from Group 8.2
Received Distance: 1.000, Angle: -1.571 from Group 8.2
Received Distance: 1.000, Angle: -1.571 from Group 8.2
Received Distance: 0.953, Angle: -1.738 from Group 8.3
Received Distance: 0.814, Angle: -2.298 from Group 8.3
Received Distance: 0.343, Angle: -2.155 from Group 8.3
Received Distance: 0.056, Angle: -2.635 from Group 8.3
Received Distance: 0.769, Angle: -2.478 from Group 8.3
Received Distance: 0.659, Angle: -2.870 from Group 8.3
Received Distance: 0.368, Angle: -1.922 from Group 8.3
Received Distance: 0.000, Angle: 0.000 from Group 8.4
Received Distance: 0.000, Angle: 0.000 from Group 8.4
Received Distance: 0.000, Angle: 0.000 from Group 8.4
Received Distance: 0.000, Angle: 0.000 from Group 8.4
Received Distance: 0.000, Angle: 0.000 from Group 8.4
Received Distance: 0.000, Angle: 0.000 from Group 8.4
Received Distance: 0.000, Angle: 0.000 from Group 8.4
Received Distance: 1.000, Angle: 0.785 from Group 8.1
Received Distance: 1.000, Angle: 0.785 from Group 8.1
Received Distance: 1.000, Angle: 0.785 from Group 8.1
Received Distance: 1.000, Angle: 0.785 from Group 8.1
Received Distance: 1.000, Angle: 0.785 from Group 8.1
Received Distance: 1.000, Angle: 0.785 from Group 8.1
Received Distance: 1.000, Angle: 0.785 from Group 8.1
Received Distance: 1.000, Angle: -1.571 from Group 8.2
Received Distance: 1.000, Angle: -1.571 from Group 8.2
Received Distance: 1.000, Angle: -1.571 from Group 8.2
Received Distance: 1.000, Angle: -1.571 from Group 8.2
Received Distance: 1.000, Angle: -1.571 from Group 8.2
Received Distance: 1.000, Angle: -1.571 from Group 8.2
Received Distance: 1.000, Angle: -1.571 from Group 8.2
Received Distance: 0.092, Angle: -1.717 from Group 8.3
Received Distance: 0.870, Angle: -2.656 from Group 8.3
Received Distance: 0.053, Angle: -2.465 from Group 8.3
Received Distance: 0.130, Angle: -1.802 from Group 8.3
Received Distance: 0.304, Angle: -2.609 from Group 8.3
Received Distance: 0.130, Angle: -2.909 from Group 8.3
Received Distance: 0.716, Angle: -2.126 from Group 8.3
Received Distance: 0.000, Angle: 0.000 from Group 8.4
Received Distance: 0.000, Angle: 0.000 from Group 8.4
Received Distance: 0.000, Angle: 0.000 from Group 8.4
Received Distance: 0.000, Angle: 0.000 from Group 8.4
Received Distance: 0.000, Angle: 0.000 from Group 8.4
Received Distance: 0.000, Angle: 0.000 from Group 8.4
Received Distance: 0.000, Angle: 0.000 from Group 8.4
Received Distance: 1.000, Angle: 0.785 from Group 8.1
Received Distance: 1.000, Angle: 0.785 from Group 8.1
Received Distance: 1.000, Angle: 0.785 from Group 8.1
Received Distance: 1.000, Angle: 0.785 from Group 8.1
Received Distance: 1.000, Angle: 0.785 from Group 8.1
Received Distance: 1.000, Angle: 0.785 from Group 8.1
Received Distance: 1.000, Angle: 0.785 from Group 8.1
Received Distance: 1.000, Angle: -1.571 from Group 8.2
Received Distance: 1.000, Angle: -1.571 from Group 8.2
Received Distance: 1.000, Angle: -1.571 from Group 8.2
Received Distance: 1.000, Angle: -1.571 from Group 8.2
Received Distance: 1.000, Angle: -1.571 from Group 8.2
Received Distance: 1.000, Angle: -1.571 from Group 8.2
Received Distance: 1.000, Angle: -1.571 from Group 8.2
Received Distance: 0.692, Angle: -2.158 from Group 8.3
Received Distance: 0.875, Angle: -2.896 from Group 8.3
Received Distance: 0.618, Angle: -2.383 from Group 8.3
Received Distance: 0.748, Angle: -2.378 from Group 8.3
Received Distance: 0.255, Angle: -2.961 from Group 8.3
Received Distance: 0.204, Angle: -2.873 from Group 8.3
Received Distance: 0.966, Angle: -2.120 from Group 8.3
Received Distance: 0.000, Angle: 0.000 from Group 8.4
Received Distance: 0.000, Angle: 0.000 from Group 8.4
Received Distance: 0.000, Angle: 0.000 from Group 8.4
Received Distance: 0.000, Angle: 0.000 from Group 8.4
Received Distance: 0.000, Angle: 0.000 from Group 8.4
Received Distance: 0.000, Angle: 0.000 from Group 8.4
Received Distance: 0.000, Angle: 0.000 from Group 8.4
Received Distance: 1.000, Angle: 0.785 from Group 8.1
Received Distance: 1.000, Angle: 0.785 from Group 8.1
Received Distance: 1.000, Angle: 0.785 from Group 8.1
Received Distance: 1.000, Angle: 0.785 from Group 8.1
Received Distance: 1.000, Angle: 0.785 from Group 8.1
Received Distance: 1.000, Angle: 0.785 from Group 8.1
Received Distance: 1.000, Angle: 0.785 from Group 8.1
Received Distance: 1.000, Angle: -1.571 from Group 8.2
Received Distance: 1.000, Angle: -1.571 from Group 8.2
Received Distance: 1.000, Angle: -1.571 from Group 8.2
Received Distance: 1.000, Angle: -1.571 from Group 8.2
Received Distance: 1.000, Angle: -1.571 from Group 8.2
Received Distance: 1.000, Angle: -1.571 from Group 8.2
Received Distance: 1.000, Angle: -1.571 from Group 8.2
Received Distance: 0.376, Angle: -2.211 from Group 8.3
Received Distance: 0.629, Angle: -3.085 from Group 8.3
Received Distance: 0.013, Angle: -1.826 from Group 8.3
Received Distance: 0.171, Angle: -1.906 from Group 8.3
Received Distance: 0.547, Angle: -2.309 from Group 8.3
Received Distance: 0.245, Angle: -1.982 from Group 8.3
Received Distance: 0.523, Angle: -2.827 from Group 8.3
Received Distance: 0.000, Angle: 0.000 from Group 8.4
Received Distance: 0.000, Angle: 0.000 from Group 8.4
Received Distance: 0.000, Angle: 0.000 from Group 8.4
Received Distance: 0.000, Angle: 0.000 from Group 8.4
Received Distance: 0.000, Angle: 0.000 from Group 8.4
Received Distance: 0.000, Angle: 0.000 from Group 8.4
Received Distance: 0.000, Angle: 0.000 from Group 8.4
Received Distance: 1.000, Angle: 0.785 from Group 8.1
Received Distance: 1.000, Angle: 0.785 from Group 8.1
Received Distance: 1.000, Angle: 0.785 from Group 8.1
Received Distance: 1.000, Angle: 0.785 from Group 8.1
Received Distance: 1.000, Angle: 0.785 from Group 8.1
Received Distance: 1.000, Angle: 0.785 from Group 8.1
Received Distance: 1.000, Angle: 0.785 from Group 8.1
Received Distance: 1.000, Angle: -1.571 from Group 8.2
Received Distance: 1.000, Angle: -1.571 from Group 8.2
Received Distance: 1.000, Angle: -1.571 from Group 8.2
Received Distance: 1.000, Angle: -1.571 from Group 8.2
Received Distance: 1.000, Angle: -1.571 from Group 8.2
Received Distance: 1.000, Angle: -1.571 from Group 8.2
Received Distance: 1.000, Angle: -1.571 from Group 8.2
Received Distance: 0.307, Angle: -2.270 from Group 8.3
Received Distance: 0.689, Angle: -2.950 from Group 8.3
Received Distance: 0.997, Angle: -1.907 from Group 8.3
Received Distance: 0.053, Angle: -2.725 from Group 8.3
Received Distance: 0.025, Angle: -3.068 from Group 8.3
Received Distance: 0.882, Angle: -2.529 from Group 8.3
Received Distance: 0.257, Angle: -2.621 from Group 8.3
Received Distance: 0.000, Angle: 0.000 from Group 8.4
Received Distance: 0.000, Angle: 0.000 from Group 8.4
Received Distance: 0.000, Angle: 0.000 from Group 8.4
Received Distance: 0.000, Angle: 0.000 from Group 8.4
Received Distance: 0.000, Angle: 0.000 from Group 8.4
Received Distance: 0.000, Angle: 0.000 from Group 8.4
Received Distance: 0.000, Angle: 0.000 from Group 8.4
Received Distance: 1.000, Angle: 0.785 from Group 8.1
Received Distance: 1.000, Angle: 0.785 from Group 8.1
Received Distance: 1.000, Angle: 0.785 from Group 8.1
Received Distance: 1.000, Angle: 0.785 from Group 8.1
Received Distance: 1.000, Angle: 0.785 from Group 8.1
Received Distance: 1.000, Angle: 0.785 from Group 8.1
Received Distance: 1.000, Angle: 0.785 from Group 8.1
Received Distance: 1.000, Angle: 0.785 from Group 8.1
Received Distance: 1.000, Angle: -1.571 from Group 8.2
Received Distance: 1.000, Angle: -1.571 from Group 8.2
Received Distance: 1.000, Angle: -1.571 from Group 8.2
Received Distance: 1.000, Angle: -1.571 from Group 8.2
Received Distance: 1.000, Angle: -1.571 from Group 8.2
Received Distance: 1.000, Angle: -1.571 from Group 8.2
Received Distance: 1.000, Angle: -1.571 from Group 8.2
Received Distance: 1.000, Angle: -1.571 from Group 8.2
Received Distance: 0.219, Angle: -1.887 from Group 8.3
Received Distance: 0.924, Angle: -1.715 from Group 8.3
Received Distance: 0.193, Angle: -1.993 from Group 8.3
Received Distance: 0.260, Angle: -3.107 from Group 8.3
Received Distance: 0.570, Angle: -1.770 from Group 8.3
Received Distance: 0.752, Angle: -2.354 from Group 8.3
Received Distance: 0.746, Angle: -1.678 from Group 8.3
Received Distance: 0.644, Angle: -2.851 from Group 8.3
Received Distance: 0.000, Angle: 0.000 from Group 8.4
Received Distance: 0.000, Angle: 0.000 from Group 8.4
Received Distance: 0.000, Angle: 0.000 from Group 8.4
Received Distance: 0.000, Angle: 0.000 from Group 8.4
Received Distance: 0.000, Angle: 0.000 from Group 8.4
Received Distance: 0.000, Angle: 0.000 from Group 8.4
Received Distance: 0.000, Angle: 0.000 from Group 8.4
Received Distance: 0.000, Angle: 0.000 from Group 8.4
Received Distance: 1.000, Angle: 0.785 from Group 8.1
Received Distance: 1.000, Angle: 0.785 from Group 8.1
Received Distance: 1.000, Angle: 0.785 from Group 8.1
Received Distance: 1.000, Angle: 0.785 from Group 8.1
Received Distance: 1.000, Angle: 0.785 from Group 8.1
Received Distance: 1.000, Angle: 0.785 from Group 8.1
Received Distance: 1.000, Angle: 0.785 from Group 8.1
Received Distance: 1.000, Angle: 0.785 from Group 8.1
Received Distance: 1.000, Angle: -1.571 from Group 8.2
Received Distance: 1.000, Angle: -1.571 from Group 8.2
Received Distance: 1.000, Angle: -1.571 from Group 8.2
Received Distance: 1.000, Angle: -1.571 from Group 8.2
Received Distance: 1.000, Angle: -1.571 from Group 8.2
Received Distance: 1.000, Angle: -1.571 from Group 8.2
Received Distance: 1.000, Angle: -1.571 from Group 8.2
Received Distance: 1.000, Angle: -1.571 from Group 8.2
Received Distance: 0.409, Angle: -2.880 from Group 8.3
Received Distance: 0.851, Angle: -2.927 from Group 8.3
Received Distance: 0.998, Angle: -3.054 from Group 8.3
Received Distance: 0.708, Angle: -1.936 from Group 8.3
Received Distance: 0.809, Angle: -2.066 from Group 8.3
Received Distance: 0.518, Angle: -2.510 from Group 8.3
Received Distance: 0.664, Angle: -2.998 from Group 8.3
Received Distance: 0.344, Angle: -1.635 from Group 8.3
Received Distance: 0.000, Angle: 0.000 from Group 8.4
Received Distance: 0.000, Angle: 0.000 from Group 8.4
Received Distance: 0.000, Angle: 0.000 from Group 8.4
Received Distance: 0.000, Angle: 0.000 from Group 8.4
Received Distance: 0.000, Angle: 0.000 from Group 8.4
Received Distance: 0.000, Angle: 0.000 from Group 8.4
Received Distance: 0.000, Angle: 0.000 from Group 8.4
Received Distance: 0.000, Angle: 0.000 from Group 8.4
Received Distance: 1.000, Angle: 0.785 from Group 8.1
Received Distance: 1.000, Angle: 0.785 from Group 8.1
Received Distance: 1.000, Angle: 0.785 from Group 8.1
Received Distance: 1.000, Angle: 0.785 from Group 8.1
Received Distance: 1.000, Angle: 0.785 from Group 8.1
Received Distance: 1.000, Angle: 0.785 from Group 8.1
Received Distance: 1.000, Angle: 0.785 from Group 8.1
Received Distance: 1.000, Angle: 0.785 from Group 8.1
Received Distance: 1.000, Angle: -1.571 from Group 8.2
Received Distance: 1.000, Angle: -1.571 from Group 8.2
Received Distance: 1.000, Angle: -1.571 from Group 8.2
Received Distance: 1.000, Angle: -1.571 from Group 8.2
Received Distance: 1.000, Angle: -1.571 from Group 8.2
Received Distance: 1.000, Angle: -1.571 from Group 8.2
Received Distance: 1.000, Angle: -1.571 from Group 8.2
Received Distance: 1.000, Angle: -1.571 from Group 8.2
Received Distance: 0.657, Angle: -1.621 from Group 8.3
Received Distance: 0.015, Angle: -2.358 from Group 8.3
Received Distance: 0.177, Angle: -1.986 from Group 8.3
Received Distance: 0.519, Angle: -2.189 from Group 8.3
Received Distance: 0.884, Angle: -2.562 from Group 8.3
Received Distance: 0.622, Angle: -2.079 from Group 8.3
Received Distance: 0.475, Angle: -1.581 from Group 8.3
Received Distance: 0.768, Angle: -2.995 from Group 8.3
Received Distance: 0.000, Angle: 0.000 from Group 8.4
Received Distance: 0.000, Angle: 0.000 from Group 8.4
Received Distance: 0.000, Angle: 0.000 from Group 8.4
Received Distance: 0.000, Angle: 0.000 from Group 8.4
Received Distance: 0.000, Angle: 0.000 from Group 8.4
Received Distance: 0.000, Angle: 0.000 from Group 8.4
Received Distance: 0.000, Angle: 0.000 from Group 8.4
Received Distance: 0.000, Angle: 0.000 from Group 8.4
